SF:lib/core/env_store.dart
DA:12,4
DA:13,4
DA:14,4
DA:18,4
DA:19,4
DA:20,4
DA:24,1
DA:25,1
DA:26,1
LF:9
LH:9
end_of_record
SF:lib/core/env_parser.dart
DA:18,5
DA:19,5
DA:23,5
DA:24,5
DA:25,10
DA:26,5
DA:29,10
DA:31,5
DA:34,10
DA:36,10
DA:37,15
DA:40,5
DA:43,10
DA:44,6
DA:45,6
DA:50,3
DA:52,5
DA:54,5
DA:61,5
DA:62,5
DA:63,10
DA:64,2
LF:22
LH:22
end_of_record
SF:lib/core/env_loader.dart
DA:14,4
DA:22,4
DA:24,8
DA:25,8
DA:27,2
DA:28,2
LF:6
LH:6
end_of_record
SF:lib/models/env_exceptions.dart
DA:5,2
DA:13,0
DA:15,0
DA:16,0
DA:23,2
DA:28,0
DA:29,0
DA:34,0
LF:8
LH:2
end_of_record
SF:lib/core/env_manager.dart
DA:14,3
DA:22,3
DA:33,3
DA:34,1
DA:41,1
DA:42,0
DA:57,3
DA:63,0
DA:64,0
DA:67,6
DA:68,3
DA:69,12
DA:72,3
DA:73,9
DA:74,12
DA:78,3
DA:79,6
DA:81,2
DA:82,3
DA:83,1
DA:87,3
DA:111,9
DA:114,3
DA:120,2
DA:121,6
DA:123,0
DA:124,0
DA:134,2
DA:135,4
DA:137,6
DA:146,3
DA:152,3
DA:158,1
DA:159,2
DA:160,3
DA:164,1
DA:165,2
DA:178,3
DA:179,6
DA:180,0
DA:182,0
DA:183,0
DA:184,0
DA:187,9
DA:188,6
DA:196,3
LF:46
LH:37
end_of_record
SF:lib/ui/debug_panel.dart
DA:9,1
DA:13,1
DA:19,2
DA:26,1
DA:33,1
DA:34,1
DA:42,1
DA:44,1
DA:45,2
DA:48,1
DA:49,3
DA:50,0
DA:54,2
DA:56,1
DA:57,3
DA:59,1
DA:60,2
DA:64,1
DA:66,1
DA:67,1
DA:69,1
DA:70,1
DA:72,1
DA:74,1
DA:76,1
DA:80,1
DA:81,2
DA:82,1
DA:85,1
DA:87,1
DA:88,1
DA:89,1
DA:91,3
DA:96,1
DA:101,1
DA:102,1
DA:103,1
DA:105,1
DA:107,3
DA:108,1
DA:117,1
DA:118,2
DA:119,1
DA:120,1
DA:121,4
DA:122,1
DA:123,1
DA:127,1
DA:131,1
DA:134,1
DA:135,1
DA:138,1
DA:139,1
DA:140,3
DA:145,1
DA:146,1
DA:150,1
DA:152,1
DA:155,2
DA:157,1
DA:161,3
DA:163,1
DA:167,1
DA:168,0
DA:195,2
DA:208,1
DA:209,2
DA:212,1
DA:213,1
DA:219,1
DA:220,4
DA:223,1
DA:225,4
LF:73
LH:71
end_of_record
SF:lib/ui/env_switcher_widget.dart
DA:26,2
DA:44,1
DA:47,1
DA:49,1
DA:51,2
DA:53,1
DA:55,1
LF:7
LH:7
end_of_record
SF:lib/ui/gesture_detector.dart
DA:10,1
DA:26,1
DA:28,2
DA:30,1
DA:32,1
DA:33,1
LF:6
LH:6
end_of_record
SF:lib/integrations/dio_interceptor.dart
DA:31,1
DA:36,1
DA:41,3
DA:42,1
LF:4
LH:4
end_of_record
SF:lib/env.dart
DA:52,0
DA:58,0
DA:73,3
DA:78,0
DA:83,0
DA:88,0
DA:91,0
DA:92,0
DA:99,0
DA:110,0
DA:111,0
DA:122,0
DA:123,0
LF:13
LH:1
end_of_record
SF:lib/models/env_config.dart
DA:25,0
DA:38,0
DA:39,0
LF:3
LH:0
end_of_record
